2024-05-20 00:28:35,435 - __main__ - INFO - admin has logged in 
2024-05-20 00:41:46,054 - __main__ - INFO - User [admin1] has logged in 
2024-05-20 00:41:58,474 - __main__ - INFO - User [admin1] logged out
2024-05-20 00:42:24,941 - __main__ - INFO - User [admin1] has logged in 
2024-05-20 00:42:43,116 - __main__ - INFO - A new project [name : proj test , id : 882e8862] created by [admin1]
2024-05-20 00:43:01,515 - __main__ - INFO - User [admin1] logged out
2024-05-20 00:43:03,689 - __main__ - INFO - EXIT
2024-05-20 13:16:49,829 - __main__ - INFO - User [admin] has logged in 
2024-05-20 13:17:00,386 - __main__ - DEBUG - User [admin] is managing project [id : e0cb2ac3]
2024-05-20 20:12:56,811 - __main__ - INFO - User [admin] has logged in 
2024-05-20 20:13:07,592 - __main__ - INFO - A new project [name : project test , id : 093af5fd] created by [admin]
2024-05-20 20:13:19,107 - __main__ - DEBUG - User [admin] is managing project [id : 093af5fd]
2024-05-20 20:13:30,744 - __main__ - INFO - A new task [name : Task No.1 , id : [1707770d]] created by [admin]
2024-05-20 20:13:47,369 - __main__ - DEBUG - A new member [user : admin1] added to project [id : 093af5fd] collaborators by owner
2024-05-20 20:13:54,836 - __main__ - DEBUG - A new member [user : admin2] added to project [id : 093af5fd] collaborators by owner
2024-05-20 20:15:17,503 - __main__ - INFO - User [admin] has logged in 
2024-05-20 20:15:25,873 - __main__ - DEBUG - User [admin] is managing project [id : 093af5fd]
2024-05-20 20:16:28,205 - __main__ - INFO - User [admin] has logged in 
2024-05-20 20:16:36,235 - __main__ - DEBUG - User [admin] is managing project [id : 093af5fd]
2024-05-20 20:17:16,152 - __main__ - DEBUG - A new assigness [user : admin1] added to task [id : 1707770d]
2024-05-20 20:18:51,912 - __main__ - INFO - User [admin] has logged in 
2024-05-20 20:19:01,025 - __main__ - DEBUG - User [admin] is managing project [id : 093af5fd]
2024-05-20 20:19:16,996 - __main__ - DEBUG - A new assigness [user : admin1] added to task [id : 1707770d]
2024-05-20 20:19:16,996 - __main__ - DEBUG - Add new history to task [id : 1707770d]
2024-05-20 20:19:37,163 - __main__ - DEBUG - A new comment added to task [id : 1707770d]
2024-05-20 20:19:37,164 - __main__ - DEBUG - Add new history to task [id : 1707770d]
2024-05-20 20:21:13,969 - __main__ - DEBUG - Task [id : 1707770d] status has changed (current : DOING)
2024-05-20 20:21:13,969 - __main__ - DEBUG - Add new history to task [id : 1707770d]
2024-05-20 23:28:53,836 - __main__ - INFO - EXIT
2024-05-21 00:19:46,513 - __main__ - INFO - EXIT
2024-05-21 00:32:16,702 - __main__ - INFO - User [admin1] has logged in 
2024-05-21 00:32:20,191 - __main__ - INFO - A new project [name : test , id : 3f4d37c3] created by [admin1]
2024-05-21 00:32:23,209 - __main__ - INFO - User [admin1] logged out
2024-05-21 00:32:24,371 - __main__ - INFO - EXIT
2024-05-21 23:23:27,847 - __main__ - INFO - A new user registered : test
2024-05-21 23:23:42,568 - __main__ - INFO - EXIT
2024-05-21 23:27:54,808 - __main__ - INFO - A new user registered : a
2024-05-21 23:27:57,080 - __main__ - INFO - EXIT
2024-05-21 23:38:36,944 - __main__ - INFO - Manager has logged in successfully
2024-05-21 23:38:56,119 - __main__ - INFO - End of Manager program
2024-05-21 23:39:59,396 - __manager__ - INFO - Manager has logged in successfully
2024-05-21 23:40:10,771 - __manager__ - INFO - End of Manager program
2024-05-22 16:59:33,263 - __main__ - INFO - A new user registered : kimia1381
2024-05-22 17:00:48,561 - __main__ - INFO - User [kimia1381] has logged in 
2024-05-22 17:15:29,530 - __main__ - INFO - User [kimia1381] has logged in 
2024-05-22 17:16:04,909 - __main__ - INFO - A new project [name : kimias project , id : a271c479] created by [kimia1381]
2024-05-22 17:16:18,543 - __main__ - INFO - A new project [name : mehdis project , id : aa922605] created by [kimia1381]
2024-05-22 17:17:55,172 - __main__ - DEBUG - User [kimia1381] is managing project [id: aa922605]
2024-05-22 17:18:11,426 - __main__ - DEBUG - User [kimia1381] is managing project [id: a271c479]
2024-05-22 17:20:06,541 - __main__ - DEBUG - User [kimia1381] is managing project [id: a271c479]
2024-05-22 17:20:29,170 - __main__ - INFO - Project [id : a271c479] deleted by owner [user : kimia1381]
2024-05-22 17:22:52,949 - __main__ - INFO - User [kimia1381] has logged in 
2024-05-22 17:23:09,326 - __main__ - INFO - A new project [name : test project , id : 9f6aa229] created by [kimia1381]
2024-05-22 17:25:13,437 - __main__ - INFO - User [kimia1381] has logged in 
2024-05-22 17:26:15,193 - __main__ - INFO - User [kimia1381] has logged in 
2024-05-22 17:48:16,156 - __main__ - INFO - User [kimia1381] has logged in 
2024-05-22 17:48:21,204 - __main__ - DEBUG - User [kimia1381] is managing project [id: 9f6aa229]
2024-05-22 17:49:07,003 - __main__ - INFO - A new user registered : admin
2024-05-22 17:49:16,831 - __main__ - INFO - User [kimia1381] has logged in 
2024-05-22 17:49:20,272 - __main__ - DEBUG - User [kimia1381] is managing project [id: aa922605]
2024-05-22 17:49:52,031 - __main__ - INFO - A new task [name : kimia , id : [5ab1d72d]] created by [kimia1381]
2024-05-22 18:12:29,330 - __main__ - DEBUG - Add new history to task [id : 5ab1d72d]
2024-05-22 18:12:46,039 - __main__ - INFO - User [kimia1381] has logged in 
2024-05-22 18:12:49,504 - __main__ - DEBUG - User [kimia1381] is managing project [id: aa922605]
2024-05-22 18:13:15,470 - __main__ - DEBUG - Task [id : 5ab1d72d] status has changed (current : BACKLOG)
2024-05-22 18:13:15,470 - __main__ - DEBUG - Add new history to task [id : 5ab1d72d]
2024-05-22 18:13:21,762 - __main__ - DEBUG - Task [id : 5ab1d72d] status has changed (current : TODO)
2024-05-22 18:13:21,762 - __main__ - DEBUG - Add new history to task [id : 5ab1d72d]
2024-05-22 18:13:29,731 - __main__ - DEBUG - Task [id : 5ab1d72d] priority has changed (current : CRITICAL)
2024-05-22 18:13:29,731 - __main__ - DEBUG - Add new history to task [id : 5ab1d72d]
2024-05-22 18:13:43,172 - __main__ - DEBUG - Add new history to task [id : 5ab1d72d]
2024-05-22 18:16:12,243 - __main__ - INFO - User [kimia1381] has logged in 
2024-05-22 18:16:21,341 - __main__ - DEBUG - User [kimia1381] is managing project [id: aa922605]
2024-05-22 18:17:46,135 - __main__ - INFO - User [kimia1381] has logged in 
2024-05-22 18:17:49,840 - __main__ - DEBUG - User [kimia1381] is managing project [id: aa922605]
2024-05-22 18:18:04,934 - __main__ - DEBUG - Add new history to task [id : 5ab1d72d]
2024-05-22 18:18:11,194 - __main__ - DEBUG - Task [id : 5ab1d72d] priority has changed (current : LOW)
2024-05-22 18:18:11,194 - __main__ - DEBUG - Add new history to task [id : 5ab1d72d]
2024-05-22 18:18:17,661 - __main__ - DEBUG - Task [id : 5ab1d72d] priority has changed (current : LOW)
2024-05-22 18:18:17,661 - __main__ - DEBUG - Add new history to task [id : 5ab1d72d]
2024-05-22 18:18:25,147 - __main__ - DEBUG - Task [id : 5ab1d72d] priority has changed (current : HIGH)
2024-05-22 18:18:25,147 - __main__ - DEBUG - Add new history to task [id : 5ab1d72d]
2024-05-22 18:18:38,422 - __main__ - DEBUG - Task [id : 5ab1d72d] priority has changed (current : LOW)
2024-05-22 18:18:38,422 - __main__ - DEBUG - Add new history to task [id : 5ab1d72d]
2024-05-22 18:18:50,165 - __main__ - DEBUG - Task [id : 5ab1d72d] status has changed (current : TODO)
2024-05-22 18:18:50,165 - __main__ - DEBUG - Add new history to task [id : 5ab1d72d]
2024-05-22 18:18:53,682 - __main__ - DEBUG - Task [id : 5ab1d72d] status has changed (current : DOING)
2024-05-22 18:18:53,682 - __main__ - DEBUG - Add new history to task [id : 5ab1d72d]
2024-05-22 18:18:58,076 - __main__ - DEBUG - Task [id : 5ab1d72d] status has changed (current : ARCHIVED)
2024-05-22 18:18:58,076 - __main__ - DEBUG - Add new history to task [id : 5ab1d72d]
2024-05-22 18:19:24,533 - __main__ - INFO - User [kimia1381] has logged in 
2024-05-22 18:19:26,898 - __main__ - DEBUG - User [kimia1381] is managing project [id: aa922605]
2024-05-22 18:19:46,322 - __main__ - DEBUG - Task [id : 5ab1d72d] status has changed (current : ARCHIVED)
2024-05-22 18:19:46,322 - __main__ - DEBUG - Add new history to task [id : 5ab1d72d]
2024-05-22 18:19:53,929 - __main__ - DEBUG - Task [id : 5ab1d72d] status has changed (current : DONE)
2024-05-22 18:19:53,929 - __main__ - DEBUG - Add new history to task [id : 5ab1d72d]
2024-05-22 18:21:55,432 - __main__ - INFO - User [kimia1381] has logged in 
2024-05-22 18:21:58,946 - __main__ - DEBUG - User [kimia1381] is managing project [id: aa922605]
2024-05-22 18:23:41,010 - __main__ - DEBUG - Task [id : 5ab1d72d] status has changed (current : TODO)
2024-05-22 18:23:41,010 - __main__ - DEBUG - Add new history to task [id : 5ab1d72d]
2024-05-22 18:23:45,314 - __main__ - DEBUG - Task [id : 5ab1d72d] status has changed (current : ARCHIVED)
2024-05-22 18:23:45,314 - __main__ - DEBUG - Add new history to task [id : 5ab1d72d]
2024-05-22 18:23:49,895 - __main__ - DEBUG - Task [id : 5ab1d72d] priority has changed (current : HIGH)
2024-05-22 18:23:49,895 - __main__ - DEBUG - Add new history to task [id : 5ab1d72d]
2024-05-22 18:24:09,306 - __main__ - DEBUG - Add new history to task [id : 5ab1d72d]
2024-05-22 18:24:21,276 - __main__ - DEBUG - Task [id : 5ab1d72d] title has changed (current : kkkk)
2024-05-22 18:24:21,276 - __main__ - DEBUG - Add new history to task [id : 5ab1d72d]
2024-05-22 18:25:42,669 - __main__ - DEBUG - A new comment added to task [id : 5ab1d72d]
2024-05-22 18:25:42,669 - __main__ - DEBUG - Add new history to task [id : 5ab1d72d]
2024-05-22 18:28:42,949 - __main__ - DEBUG - Add new history to task [id : 5ab1d72d]
2024-05-22 18:29:07,458 - __main__ - DEBUG - User [kimia1381] is managing project [id: aa922605]
2024-05-22 18:34:20,656 - __main__ - INFO - User [kimia1381] has logged in 
2024-05-22 18:34:23,152 - __main__ - DEBUG - User [kimia1381] is managing project [id: aa922605]
2024-05-22 18:35:37,045 - __main__ - DEBUG - A new member [user : admin] added to project [id : aa922605] collaborators by owner
2024-05-22 18:39:09,561 - __main__ - INFO - User [kimia1381] has logged in 
2024-05-22 18:39:14,879 - __main__ - DEBUG - User [kimia1381] is managing project [id: aa922605]
2024-05-22 18:44:15,967 - __main__ - INFO - User [kimia1381] has logged in 
2024-05-22 18:44:20,378 - __main__ - DEBUG - User [kimia1381] is managing project [id: aa922605]
2024-05-22 18:48:25,102 - __main__ - INFO - User [kimia1381] has logged in 
2024-05-22 18:48:32,435 - __main__ - DEBUG - User [kimia1381] is managing project [id: aa922605]
2024-05-22 18:51:55,343 - __main__ - INFO - User [kimia1381] has logged in 
2024-05-22 18:52:01,303 - __main__ - DEBUG - User [kimia1381] is managing project [id: 9f6aa229]
2024-05-22 18:52:30,518 - __main__ - DEBUG - User [kimia1381] is managing project [id: aa922605]
2024-05-22 18:53:11,683 - __main__ - DEBUG - A member [user : admin] removed from project [id : aa922605] collaborators
2024-05-22 18:56:44,230 - __main__ - INFO - User [kimia1381] has logged in 
2024-05-22 18:56:47,153 - __main__ - DEBUG - User [kimia1381] is managing project [id: aa922605]
2024-05-22 18:59:45,781 - __main__ - INFO - User [kimia1381] has logged in 
2024-05-22 18:59:48,405 - __main__ - DEBUG - User [kimia1381] is managing project [id: aa922605]
2024-05-22 19:00:36,248 - __main__ - DEBUG - A new member [user : admin] added to project [id : aa922605] collaborators by owner
2024-05-22 19:00:46,909 - __main__ - DEBUG - A member [user : admin] removed from project [id : aa922605] collaborators
2024-05-22 19:05:32,774 - __main__ - INFO - User [kimia1381] has logged in 
2024-05-22 19:05:41,239 - __main__ - INFO - A new project [name : test2 , id : f23e5338] created by [kimia1381]
2024-05-22 19:05:49,574 - __main__ - DEBUG - User [kimia1381] is managing project [id: aa922605]
2024-05-22 19:05:59,646 - __main__ - DEBUG - A new member [user : admin] added to project [id : aa922605] collaborators by owner
2024-05-22 19:06:13,156 - __main__ - INFO - Project [id : aa922605] deleted by owner [user : kimia1381]
2024-05-22 19:06:29,886 - __main__ - DEBUG - User [kimia1381] is managing project [id: f23e5338]
2024-05-22 19:06:59,812 - __main__ - INFO - A new task [name : test , id : [2113a15a]] created by [kimia1381]
2024-05-22 19:13:34,544 - __main__ - INFO - User [kimia1381] has logged in 
2024-05-22 19:13:41,723 - __main__ - DEBUG - User [kimia1381] is managing project [id: 9f6aa229]
2024-05-22 19:13:44,863 - __main__ - DEBUG - A new member [user : admin] added to project [id : 9f6aa229] collaborators by owner
2024-05-22 19:13:55,802 - __main__ - INFO - A new task [name : testtt , id : [1906a3f3]] created by [kimia1381]
2024-05-22 19:15:59,482 - __main__ - INFO - User [kimia1381] has logged in 
2024-05-22 19:16:02,760 - __main__ - DEBUG - User [kimia1381] is managing project [id: 9f6aa229]
2024-05-22 19:16:50,921 - __main__ - INFO - User [kimia1381] has logged in 
2024-05-22 19:16:55,681 - __main__ - DEBUG - User [kimia1381] is managing project [id: 9f6aa229]
2024-05-22 19:21:25,418 - __main__ - DEBUG - Add new history to task [id : 1906a3f3]
2024-05-22 20:12:54,345 - __main__ - INFO - User [kimia1381] has logged in 
2024-05-22 20:12:58,974 - __main__ - DEBUG - User [kimia1381] is managing project [id: 9f6aa229]
2024-05-22 20:14:24,691 - __main__ - INFO - User [kimia1381] has logged in 
2024-05-22 20:14:26,919 - __main__ - DEBUG - User [kimia1381] is managing project [id: 9f6aa229]
2024-05-22 20:15:38,787 - __main__ - INFO - User [kimia1381] has logged in 
2024-05-22 20:15:41,464 - __main__ - DEBUG - User [kimia1381] is managing project [id: 9f6aa229]
2024-05-22 20:16:11,874 - __main__ - DEBUG - A new assignee [user : admin] added to task.
2024-05-22 20:21:15,094 - __main__ - INFO - User [kimia1381] has logged in 
2024-05-22 20:21:18,283 - __main__ - DEBUG - User [kimia1381] is managing project [id: 9f6aa229]
2024-05-22 20:21:36,059 - __main__ - DEBUG - An assignee [user : admin] removed from task.
2024-05-22 20:23:32,794 - __main__ - INFO - User [kimia1381] has logged in 
2024-05-22 20:23:34,999 - __main__ - DEBUG - User [kimia1381] is managing project [id: 9f6aa229]
2024-05-22 20:24:46,103 - __main__ - INFO - User [kimia1381] has logged in 
2024-05-22 20:24:49,523 - __main__ - DEBUG - User [kimia1381] is managing project [id: 9f6aa229]
2024-05-22 20:30:07,095 - __main__ - INFO - User [kimia1381] has logged in 
2024-05-22 20:30:10,482 - __main__ - DEBUG - User [kimia1381] is managing project [id: 9f6aa229]
2024-05-22 20:32:28,128 - __main__ - INFO - User [kimia1381] has logged in 
2024-05-22 20:32:31,434 - __main__ - DEBUG - User [kimia1381] is managing project [id: 9f6aa229]
2024-05-22 20:34:34,756 - __main__ - INFO - User [kimia1381] has logged in 
2024-05-22 20:34:37,017 - __main__ - DEBUG - User [kimia1381] is managing project [id: 9f6aa229]
2024-05-22 20:36:42,795 - __main__ - INFO - User [kimia1381] has logged in 
2024-05-22 20:36:45,291 - __main__ - DEBUG - User [kimia1381] is managing project [id: 9f6aa229]
2024-05-22 20:39:59,273 - __main__ - INFO - User [kimia1381] has logged in 
2024-05-22 20:40:03,057 - __main__ - DEBUG - User [kimia1381] is managing project [id: 9f6aa229]
2024-05-22 20:41:34,667 - __main__ - INFO - User [kimia1381] has logged in 
2024-05-22 20:41:38,314 - __main__ - DEBUG - User [kimia1381] is managing project [id: 9f6aa229]
2024-05-22 20:44:14,530 - __main__ - DEBUG - Task [id : 1906a3f3] status has changed (current : TODO)
2024-05-22 20:44:14,530 - __main__ - DEBUG - Add new history to task [id : 1906a3f3]
2024-05-22 20:44:45,720 - __main__ - DEBUG - A new comment added to task [id : 1906a3f3]
2024-05-22 20:44:45,720 - __main__ - DEBUG - Add new history to task [id : 1906a3f3]
2024-05-22 20:48:00,256 - __main__ - INFO - User [kimia1381] logged out
2024-05-22 20:48:01,550 - __main__ - INFO - EXIT (end of program)
2024-05-22 20:55:16,970 - __main__ - INFO - User [admin] has logged in 
2024-05-22 20:55:42,963 - __main__ - DEBUG - User [admin] is managing project [id: 9f6aa229]
2024-05-22 21:24:22,284 - __main__ - INFO - User [kimia1381] has logged in 
2024-05-22 21:24:27,047 - __main__ - INFO - User [kimia1381] logged out
2024-05-22 21:24:35,227 - __main__ - INFO - User [kimia1381] has logged in 
2024-05-22 21:33:19,584 - __main__ - INFO - User [kimia1381] has logged in 
2024-05-22 21:33:28,035 - __main__ - INFO - User [kimia1381bayat] changed username from kimia1381 to kimia1381bayat
2024-05-22 21:34:46,287 - __main__ - INFO - User [kimia1381bayat] changed email from kimia1381@gmail.com to kimiabayat@gmail.com
2024-05-22 21:38:29,697 - __main__ - INFO - User [kimia1381] has logged in 
2024-05-22 22:07:14,774 - __main__ - INFO - A new user registered : kimia1381
2024-05-22 22:07:30,662 - __main__ - INFO - User [kimia1381] has logged in 
2024-05-22 22:08:00,255 - __main__ - INFO - A new project [name : kimia , id : 6a67a0c9] created by [kimia1381]
2024-05-22 22:08:05,207 - __main__ - DEBUG - User [kimia1381] is managing project [id: 6a67a0c9]
2024-05-22 22:08:15,518 - __main__ - INFO - A new task [name : test kimia , id : [73809fa6]] created by [kimia1381]
2024-05-22 22:13:03,887 - __main__ - INFO - User [kimia1381] has logged in 
2024-05-22 22:13:13,437 - __main__ - DEBUG - User [kimia1381] is managing project [id: 6a67a0c9]
2024-05-22 22:23:39,102 - __main__ - INFO - User [kimia1381] has logged in 
2024-05-22 22:23:42,986 - __main__ - DEBUG - User [kimia1381] is managing project [id: 6a67a0c9]
2024-05-22 22:23:58,899 - __main__ - DEBUG - A new comment added to task [id : 73809fa6]
2024-05-22 22:23:58,899 - __main__ - DEBUG - Add new history to task [id : 73809fa6]
2024-05-22 22:24:14,164 - __main__ - DEBUG - A new comment added to task [id : 73809fa6]
2024-05-22 22:24:14,164 - __main__ - DEBUG - Add new history to task [id : 73809fa6]
2024-05-22 22:24:37,696 - __main__ - DEBUG - Comment edited on task [id : 73809fa6]
2024-05-22 22:24:57,532 - __main__ - DEBUG - Comment removed from task [id : 73809fa6]
2024-05-22 22:55:40,372 - __main__ - INFO - User [kimia1381] has logged in 
2024-05-22 22:55:46,178 - __main__ - INFO - A new project [name : gggg , id : 169e6239] created by [kimia1381]
2024-05-22 22:55:55,600 - __main__ - DEBUG - User [kimia1381] is managing project [id: 169e6239]
2024-05-22 22:56:04,099 - __main__ - INFO - A new task [name : mehdi , id : [214e4927]] created by [kimia1381]
2024-05-22 22:57:06,571 - __main__ - DEBUG - Task [id : 214e4927] status has changed (current : ARCHIVED)
2024-05-22 22:57:06,571 - __main__ - DEBUG - Add new history to task [id : 214e4927]
2024-05-22 22:57:28,781 - __main__ - DEBUG - A new comment added to task [id : 214e4927]
2024-05-22 22:57:28,781 - __main__ - DEBUG - Add new history to task [id : 214e4927]
2024-05-22 22:58:37,905 - __main__ - INFO - User [kimia1381] logged out
2024-05-22 22:58:39,627 - __main__ - INFO - EXIT (end of program)
2024-05-22 22:59:42,209 - __main__ - INFO - A new user registered : admin
2024-05-22 22:59:49,955 - __main__ - INFO - User [kimia1381] has logged in 
2024-05-22 22:59:55,686 - __main__ - DEBUG - User [kimia1381] is managing project [id: 169e6239]
2024-05-22 23:00:03,008 - __main__ - DEBUG - A new member [user : admin] added to project [id : 169e6239] collaborators by owner
2024-05-22 23:00:32,614 - __main__ - DEBUG - Task [id : 214e4927] priority has changed (current : CRITICAL)
2024-05-22 23:00:32,614 - __main__ - DEBUG - Add new history to task [id : 214e4927]
2024-05-22 23:00:42,139 - __main__ - DEBUG - Task [id : 214e4927] title has changed (current : kimia)
2024-05-22 23:00:42,139 - __main__ - DEBUG - Add new history to task [id : 214e4927]
2024-05-22 23:00:52,458 - __main__ - DEBUG - A new comment added to task [id : 214e4927]
2024-05-22 23:00:52,458 - __main__ - DEBUG - Add new history to task [id : 214e4927]
2024-05-22 23:01:26,231 - __main__ - DEBUG - Comment edited on task [id : 214e4927]
2024-05-22 23:02:15,775 - __main__ - DEBUG - A new assignee [user : admin] added to task.
2024-05-22 23:02:39,028 - __main__ - DEBUG - An assignee [user : admin] removed from task.
2024-05-22 23:02:50,281 - __main__ - DEBUG - A new assignee [user : admin] added to task.
2024-05-22 23:17:47,169 - __main__ - INFO - User [kimia1381] has logged in 
2024-05-22 23:17:49,624 - __main__ - DEBUG - User [kimia1381] is managing project [id: 6a67a0c9]
2024-05-22 23:18:22,024 - __main__ - DEBUG - Task [id : 73809fa6] status has changed (current : TODO)
2024-05-22 23:18:22,024 - __main__ - DEBUG - Add new history to task [id : 73809fa6]
2024-05-22 23:18:29,263 - __main__ - DEBUG - Add new history to task [id : 73809fa6]
2024-05-22 23:18:32,865 - __main__ - DEBUG - Task [id : 73809fa6] priority has changed (current : MEDIUM)
2024-05-22 23:18:32,865 - __main__ - DEBUG - Add new history to task [id : 73809fa6]
2024-05-22 23:19:04,460 - __main__ - INFO - User [kimia1381] logged out
2024-05-22 23:19:11,798 - __main__ - INFO - User [kimia1381] has logged in 
2024-05-22 23:19:14,405 - __main__ - DEBUG - User [kimia1381] is managing project [id: 6a67a0c9]
